"../../../Buggybuggy/Content/StarterContent/Blueprints/Assets/FogBrightnessLUT.uasset" 0
"../../../Buggybuggy/Content/StarterContent/Blueprints/Assets/SunlightColorLUT.uasset" 1
"../../../Buggybuggy/Content/StarterContent/Blueprints/Assets/M_LightStage_Arrows.uasset" 2
"../../../Engine/Content/MapTemplates/Sky/DaylightAmbientCubemap.uasset" 3
"../../../Buggybuggy/Content/StarterContent/Blueprints/Assets/M_LightStage_Skybox_Master.uasset" 4
"../../../Buggybuggy/Content/StarterContent/Blueprints/Assets/M_LightStage_Skybox_Black.uasset" 5
"../../../Buggybuggy/Content/StarterContent/Blueprints/Assets/M_LightStage_Skybox_HDRI.uasset" 6
"../../../Engine/Content/EditorMaterials/Thumbnails/SkySphereMaterial.uasset" 7
"../../../Buggybuggy/Content/StarterContent/Blueprints/Assets/Skybox.uasset" 8
"../../../Engine/Content/Functions/Engine_MaterialFunctions01/Opacity/CameraDepthFade.uasset" 9
"../../../Engine/Content/EngineMaterials/T_Default_Material_Grid_M.uasset" 10
"../../../Engine/Content/EngineMaterials/T_Default_Material_Grid_N.uasset" 11
"../../../Engine/Content/EngineMaterials/WorldGridMaterial.uasset" 12
"../../../Buggybuggy/Content/StarterContent/Blueprints/Assets/SM_Arrows.uasset" 13
"../../../Buggybuggy/Content/StarterContent/HDRI/HDRI_Epic_Courtyard_Daylight.uasset" 14
"../../../Buggybuggy/Content/StarterContent/Blueprints/BP_LightStudio.uasset" 15
"../../../Buggybuggy/Content/StarterContent/Materials/M_AssetPlatform.uasset" 16
"../../../Engine/Content/EditorMeshes/ColorCalibrator/M_ChromeBall.uasset" 17
"../../../Engine/Content/EditorMeshes/ColorCalibrator/M_ClearCoat.uasset" 18
"../../../Engine/Content/EditorMeshes/ColorCalibrator/M_ClearCoatBlack.uasset" 19
"../../../Engine/Content/EditorMeshes/ColorCalibrator/T_ColorGrid.uasset" 20
"../../../Engine/Content/EditorMeshes/ColorCalibrator/M_ColorGrid.uasset" 21
"../../../Engine/Content/EditorMeshes/ColorCalibrator/M_GreyBall.uasset" 22
"../../../Engine/Content/EditorMeshes/ColorCalibrator/SM_ColorCalibrator.uasset" 23
"../../../Buggybuggy/Content/StarterContent/Architecture/SM_AssetPlatform.uasset" 24
"../../../Buggybuggy/Content/StarterContent/Maps/Advanced_Lighting.umap" 25
"../../../Engine/Content/EditorBlueprintResources/StandardMacros.uasset" 26
"../../../Engine/Content/EngineSky/C_Sky_Cloud_Color.uasset" 27
"../../../Engine/Content/EngineSky/C_Sky_Horizon_Color.uasset" 28
"../../../Engine/Content/EngineSky/C_Sky_Zenith_Color.uasset" 29
"../../../Engine/Content/EngineSky/T_Sky_Blue.uasset" 30
"../../../Engine/Content/EngineSky/T_Sky_Clouds_M.uasset" 31
"../../../Engine/Content/EngineSky/T_Sky_Stars.uasset" 32
"../../../Engine/Content/EngineSky/SM_SkySphere.uasset" 33
"../../../Engine/Content/EngineSky/M_Sky_Panning_Clouds2.uasset" 34
"../../../Engine/Content/EngineSky/BP_Sky_Sphere.uasset" 35
"../../../Buggybuggy/Content/StarterContent/Textures/T_MacroVariation.uasset" 36
"../../../Buggybuggy/Content/StarterContent/Materials/M_Metal_Brushed_Nickel.uasset" 37
"../../../Buggybuggy/Content/StarterContent/Textures/T_Metal_Aluminum_D.uasset" 38
"../../../Buggybuggy/Content/StarterContent/Textures/T_Metal_Gold_N.uasset" 39
"../../../Buggybuggy/Content/StarterContent/Materials/M_Metal_Burnished_Steel.uasset" 40
"../../../Buggybuggy/Content/StarterContent/Textures/T_Metal_Copper_D.uasset" 41
"../../../Buggybuggy/Content/StarterContent/Materials/M_Metal_Copper.uasset" 42
"../../../Buggybuggy/Content/StarterContent/Textures/T_Chair_M.uasset" 43
"../../../Buggybuggy/Content/StarterContent/Textures/T_Chair_N.uasset" 44
"../../../Buggybuggy/Content/StarterContent/Props/Materials/M_Chair.uasset" 45
"../../../Buggybuggy/Content/StarterContent/Textures/T_Statue_M.uasset" 46
"../../../Buggybuggy/Content/StarterContent/Textures/T_Statue_N.uasset" 47
"../../../Buggybuggy/Content/StarterContent/Props/Materials/M_StatueGlass.uasset" 48
"../../../Buggybuggy/Content/StarterContent/Materials/M_Basic_Floor.uasset" 49
"../../../Buggybuggy/Content/StarterContent/Architecture/Floor_400x400.uasset" 50
"../../../Buggybuggy/Content/StarterContent/Audio/Starter_Birds01.uasset" 51
"../../../Buggybuggy/Content/StarterContent/Audio/Starter_Wind05.uasset" 52
"../../../Buggybuggy/Content/StarterContent/Audio/Starter_Wind06.uasset" 53
"../../../Buggybuggy/Content/StarterContent/Audio/Starter_Background_Cue.uasset" 54
"../../../Buggybuggy/Content/StarterContent/Props/SM_Chair.uasset" 55
"../../../Buggybuggy/Content/StarterContent/Props/Materials/M_Statue.uasset" 56
"../../../Buggybuggy/Content/StarterContent/Props/SM_Statue.uasset" 57
"../../../Buggybuggy/Content/StarterContent/Textures/T_TableRound_M.uasset" 58
"../../../Buggybuggy/Content/StarterContent/Textures/T_TableRound_N.uasset" 59
"../../../Buggybuggy/Content/StarterContent/Props/Materials/M_TableRound.uasset" 60
"../../../Buggybuggy/Content/StarterContent/Props/SM_TableRound.uasset" 61
"../../../Buggybuggy/Content/StarterContent/Maps/Minimal_Default.umap" 62
"../../../Buggybuggy/Content/StarterContent/Audio/Fire01.uasset" 63
"../../../Buggybuggy/Content/StarterContent/Audio/Fire01_Cue.uasset" 64
"../../../Buggybuggy/Content/StarterContent/Textures/T_Fire_SubUV.uasset" 65
"../../../Buggybuggy/Content/StarterContent/Textures/T_Fire_Tiled_D.uasset" 66
"../../../Buggybuggy/Content/StarterContent/Particles/Materials/M_Fire_SubUV.uasset" 67
"../../../Buggybuggy/Content/StarterContent/Textures/T_Water_N.uasset" 68
"../../../Buggybuggy/Content/StarterContent/Particles/Materials/M_Heat_Distortion.uasset" 69
"../../../Engine/Content/Functions/Engine_MaterialFunctions01/Gradient/RadialGradient.uasset" 70
"../../../Buggybuggy/Content/StarterContent/Particles/Materials/M_Radial_Gradient.uasset" 71
"../../../Buggybuggy/Content/StarterContent/Textures/T_Smoke_SubUV.uasset" 72
"../../../Buggybuggy/Content/StarterContent/Textures/T_Smoke_Tiled_D.uasset" 73
"../../../Buggybuggy/Content/StarterContent/Particles/Materials/M_smoke_subUV.uasset" 74
"../../../Buggybuggy/Content/StarterContent/Particles/P_Fire.uasset" 75
"../../../Buggybuggy/Content/StarterContent/Blueprints/Blueprint_Effect_Fire.uasset" 76
"../../../Buggybuggy/Content/StarterContent/Audio/Smoke01.uasset" 77
"../../../Buggybuggy/Content/StarterContent/Audio/Smoke01_Cue.uasset" 78
"../../../Buggybuggy/Content/StarterContent/Particles/P_Smoke.uasset" 79
"../../../Buggybuggy/Content/StarterContent/Blueprints/Blueprint_Effect_Smoke.uasset" 80
"../../../Buggybuggy/Content/StarterContent/Audio/Fire_Sparks01.uasset" 81
"../../../Buggybuggy/Content/StarterContent/Audio/Fire_Sparks01_Cue.uasset" 82
"../../../Buggybuggy/Content/StarterContent/Textures/T_Spark_Core.uasset" 83
"../../../Buggybuggy/Content/StarterContent/Particles/Materials/M_Spark.uasset" 84
"../../../Buggybuggy/Content/StarterContent/Particles/P_Sparks.uasset" 85
"../../../Buggybuggy/Content/StarterContent/Blueprints/Blueprint_Effect_Sparks.uasset" 86
"../../../Buggybuggy/Content/StarterContent/Audio/Steam01.uasset" 87
"../../../Buggybuggy/Content/StarterContent/Audio/Steam01_Cue.uasset" 88
"../../../Buggybuggy/Content/StarterContent/Particles/P_Steam_Lit.uasset" 89
"../../../Buggybuggy/Content/StarterContent/Blueprints/Blueprint_Effect_Steam.uasset" 90
"../../../Buggybuggy/Content/StarterContent/Textures/T_Lamp_M.uasset" 91
"../../../Buggybuggy/Content/StarterContent/Textures/T_Lamp_N.uasset" 92
"../../../Buggybuggy/Content/StarterContent/Props/Materials/M_Lamp.uasset" 93
"../../../Buggybuggy/Content/StarterContent/Props/SM_Lamp_Ceiling.uasset" 94
"../../../Buggybuggy/Content/StarterContent/Blueprints/Blueprint_CeilingLight.uasset" 95
"../../../Buggybuggy/Content/StarterContent/Props/SM_Lamp_Wall.uasset" 96
"../../../Buggybuggy/Content/StarterContent/Blueprints/Blueprint_WallSconce.uasset" 97
"../../../Engine/Content/EngineFonts/RobotoDistanceField.uasset" 98
"../../../Engine/Content/Functions/Engine_MaterialFunctions03/Procedurals/ComputeFilterWidth.uasset" 99
"../../../Engine/Content/EngineMaterials/AntiAliasedTextMaterialTranslucent.uasset" 100
"../../../Buggybuggy/Content/StarterContent/Textures/T_Brick_Clay_Beveled_D.uasset" 101
"../../../Buggybuggy/Content/StarterContent/Textures/T_Brick_Clay_Beveled_M.uasset" 102
"../../../Buggybuggy/Content/StarterContent/Textures/T_Brick_Clay_Beveled_N.uasset" 103
"../../../Buggybuggy/Content/StarterContent/Materials/M_Brick_Clay_Beveled.uasset" 104
"../../../Buggybuggy/Content/StarterContent/Textures/T_Brick_Clay_New_D.uasset" 105
"../../../Buggybuggy/Content/StarterContent/Textures/T_Brick_Clay_New_M.uasset" 106
"../../../Buggybuggy/Content/StarterContent/Textures/T_Brick_Clay_New_N.uasset" 107
"../../../Buggybuggy/Content/StarterContent/Textures/T_Detail_Rocky_N.uasset" 108
"../../../Buggybuggy/Content/StarterContent/Materials/M_Brick_Clay_New.uasset" 109
"../../../Buggybuggy/Content/StarterContent/Textures/T_Brick_Clay_Old_D.uasset" 110
"../../../Buggybuggy/Content/StarterContent/Textures/T_Brick_Clay_Old_N.uasset" 111
"../../../Buggybuggy/Content/StarterContent/Textures/T_Perlin_Noise_M.uasset" 112
"../../../Buggybuggy/Content/StarterContent/Materials/M_Brick_Clay_Old.uasset" 113
"../../../Buggybuggy/Content/StarterContent/Textures/T_Brick_Cut_Stone_D.uasset" 114
"../../../Buggybuggy/Content/StarterContent/Textures/T_Brick_Cut_Stone_N.uasset" 115
"../../../Buggybuggy/Content/StarterContent/Materials/M_Brick_Cut_Stone.uasset" 116
"../../../Buggybuggy/Content/StarterContent/Textures/T_Brick_Hewn_Stone_D.uasset" 117
"../../../Buggybuggy/Content/StarterContent/Textures/T_Brick_Hewn_Stone_M.uasset" 118
"../../../Buggybuggy/Content/StarterContent/Textures/T_Brick_Hewn_Stone_N.uasset" 119
"../../../Buggybuggy/Content/StarterContent/Materials/M_Brick_Hewn_Stone.uasset" 120
"../../../Buggybuggy/Content/StarterContent/Textures/T_Ceramic_Tile_M.uasset" 121
"../../../Buggybuggy/Content/StarterContent/Textures/T_Ceramic_Tile_N.uasset" 122
"../../../Buggybuggy/Content/StarterContent/Textures/T_Rock_Marble_Polished_D.uasset" 123
"../../../Buggybuggy/Content/StarterContent/Materials/M_Ceramic_Tile_Checker.uasset" 124
"../../../Buggybuggy/Content/StarterContent/Textures/T_CobbleStone_Pebble_D.uasset" 125
"../../../Buggybuggy/Content/StarterContent/Textures/T_CobbleStone_Pebble_M.uasset" 126
"../../../Buggybuggy/Content/StarterContent/Textures/T_CobbleStone_Pebble_N.uasset" 127
"../../../Buggybuggy/Content/StarterContent/Materials/M_CobbleStone_Pebble.uasset" 128
"../../../Buggybuggy/Content/StarterContent/Textures/T_CobbleStone_Rough_D.uasset" 129
"../../../Buggybuggy/Content/StarterContent/Textures/T_CobbleStone_Rough_N.uasset" 130
"../../../Buggybuggy/Content/StarterContent/Textures/T_Gradinet_01.uasset" 131
"../../../Buggybuggy/Content/StarterContent/Textures/T_Rock_Smooth_Granite_D.uasset" 132
"../../../Buggybuggy/Content/StarterContent/Materials/M_CobbleStone_Rough.uasset" 133
"../../../Buggybuggy/Content/StarterContent/Textures/T_CobbleStone_Smooth_D.uasset" 134
"../../../Buggybuggy/Content/StarterContent/Textures/T_CobbleStone_Smooth_M.uasset" 135
"../../../Buggybuggy/Content/StarterContent/Textures/T_CobbleStone_Smooth_N.uasset" 136
"../../../Buggybuggy/Content/StarterContent/Materials/M_CobbleStone_Smooth.uasset" 137
"../../../Buggybuggy/Content/StarterContent/Textures/T_Concrete_Grime_D.uasset" 138
"../../../Buggybuggy/Content/StarterContent/Textures/T_Metal_Rust_N.uasset" 139
"../../../Buggybuggy/Content/StarterContent/Materials/M_Concrete_Grime.uasset" 140
"../../../Buggybuggy/Content/StarterContent/Textures/T_Concrete_Panels_D.uasset" 141
"../../../Buggybuggy/Content/StarterContent/Textures/T_Concrete_Panels_N.uasset" 142
"../../../Buggybuggy/Content/StarterContent/Materials/M_Concrete_Panels.uasset" 143
"../../../Buggybuggy/Content/StarterContent/Textures/T_Concrete_Poured_D.uasset" 144
"../../../Buggybuggy/Content/StarterContent/Textures/T_Concrete_Poured_N.uasset" 145
"../../../Buggybuggy/Content/StarterContent/Materials/M_Concrete_Poured.uasset" 146
"../../../Buggybuggy/Content/StarterContent/Textures/T_Concrete_Tiles_D.uasset" 147
"../../../Buggybuggy/Content/StarterContent/Textures/T_Concrete_Tiles_M.uasset" 148
"../../../Buggybuggy/Content/StarterContent/Textures/T_Concrete_Tiles_N.uasset" 149
"../../../Buggybuggy/Content/StarterContent/Textures/T_Concrete_Tiles_Variation_M.uasset" 150
"../../../Buggybuggy/Content/StarterContent/Materials/M_Concrete_Tiles.uasset" 151
"../../../Buggybuggy/Content/StarterContent/Textures/T_Ground_Grass_D.uasset" 152
"../../../Buggybuggy/Content/StarterContent/Textures/T_Ground_Grass_N.uasset" 153
"../../../Buggybuggy/Content/StarterContent/Materials/M_Ground_Grass.uasset" 154
"../../../Buggybuggy/Content/StarterContent/Textures/T_Ground_Gravel_D.uasset" 155
"../../../Buggybuggy/Content/StarterContent/Textures/T_Ground_Gravel_N.uasset" 156
"../../../Buggybuggy/Content/StarterContent/Materials/M_Ground_Gravel.uasset" 157
"../../../Buggybuggy/Content/StarterContent/Textures/T_ground_Moss_D.uasset" 158
"../../../Buggybuggy/Content/StarterContent/Textures/T_Ground_Moss_N.uasset" 159
"../../../Buggybuggy/Content/StarterContent/Materials/M_Ground_Moss.uasset" 160
"../../../Buggybuggy/Content/StarterContent/Materials/M_Metal_Chrome.uasset" 161
"../../../Buggybuggy/Content/StarterContent/Textures/T_Metal_Gold_D.uasset" 162
"../../../Buggybuggy/Content/StarterContent/Materials/M_Metal_Gold.uasset" 163
"../../../Engine/Content/Functions/Engine_MaterialFunctions02/Utility/BlendAngleCorrectedNormals.uasset" 164
"../../../Buggybuggy/Content/StarterContent/Textures/T_Metal_Rust_D.uasset" 165
"../../../Buggybuggy/Content/StarterContent/Materials/M_Metal_Rust.uasset" 166
"../../../Buggybuggy/Content/StarterContent/Textures/T_Metal_Steel_D.uasset" 167
"../../../Buggybuggy/Content/StarterContent/Textures/T_Metal_Steel_N.uasset" 168
"../../../Buggybuggy/Content/StarterContent/Materials/M_Metal_Steel.uasset" 169
"../../../Buggybuggy/Content/StarterContent/Textures/T_Rock_Basalt_D.uasset" 170
"../../../Buggybuggy/Content/StarterContent/Textures/T_Rock_Basalt_N.uasset" 171
"../../../Buggybuggy/Content/StarterContent/Materials/M_Rock_Basalt.uasset" 172
"../../../Buggybuggy/Content/StarterContent/Materials/M_Rock_Marble_Polished.uasset" 173
"../../../Buggybuggy/Content/StarterContent/Textures/T_Rock_Sandstone_D.uasset" 174
"../../../Buggybuggy/Content/StarterContent/Textures/T_Rock_Sandstone_N.uasset" 175
"../../../Buggybuggy/Content/StarterContent/Materials/M_Rock_Sandstone.uasset" 176
"../../../Buggybuggy/Content/StarterContent/Textures/T_Rock_Slate_D.uasset" 177
"../../../Buggybuggy/Content/StarterContent/Textures/T_Rock_Slate_N.uasset" 178
"../../../Buggybuggy/Content/StarterContent/Materials/M_Rock_Slate.uasset" 179
"../../../Buggybuggy/Content/StarterContent/Textures/T_Checker_Noise_M.uasset" 180
"../../../Buggybuggy/Content/StarterContent/Textures/T_Single_Tile_N.uasset" 181
"../../../Buggybuggy/Content/StarterContent/Textures/T_Tech_Dot_M.uasset" 182
"../../../Buggybuggy/Content/StarterContent/Textures/T_Tech_Dot_N.uasset" 183
"../../../Buggybuggy/Content/StarterContent/Materials/M_Tech_Checker_Dot.uasset" 184
"../../../Buggybuggy/Content/StarterContent/Textures/T_Tech_Hex_Tile_M.uasset" 185
"../../../Buggybuggy/Content/StarterContent/Textures/T_Tech_Hex_Tile_N.uasset" 186
"../../../Buggybuggy/Content/StarterContent/Materials/M_Tech_Hex_Tile.uasset" 187
"../../../Buggybuggy/Content/StarterContent/Materials/M_Tech_Hex_Tile_Pulse.uasset" 188
"../../../Buggybuggy/Content/StarterContent/Textures/T_Tech_Panel_M.uasset" 189
"../../../Buggybuggy/Content/StarterContent/Textures/T_Tech_Panel_N.uasset" 190
"../../../Buggybuggy/Content/StarterContent/Materials/M_Tech_Panel.uasset" 191
"../../../Buggybuggy/Content/StarterContent/Materials/M_Water_Lake.uasset" 192
"../../../Buggybuggy/Content/StarterContent/Textures/T_Water_M.uasset" 193
"../../../Buggybuggy/Content/StarterContent/Materials/M_Water_Ocean.uasset" 194
"../../../Buggybuggy/Content/StarterContent/Textures/T_Wood_Floor_Walnut_D.uasset" 195
"../../../Buggybuggy/Content/StarterContent/Textures/T_Wood_Floor_Walnut_M.uasset" 196
"../../../Buggybuggy/Content/StarterContent/Textures/T_Wood_Floor_Walnut_N.uasset" 197
"../../../Buggybuggy/Content/StarterContent/Materials/M_Wood_Floor_Walnut_Polished.uasset" 198
"../../../Engine/Content/Functions/Engine_MaterialFunctions01/Opacity/AlphaOffset.uasset" 199
"../../../Buggybuggy/Content/StarterContent/Materials/M_Wood_Floor_Walnut_Worn.uasset" 200
"../../../Buggybuggy/Content/StarterContent/Textures/T_Wood_Oak_D.uasset" 201
"../../../Buggybuggy/Content/StarterContent/Textures/T_Wood_Oak_N.uasset" 202
"../../../Buggybuggy/Content/StarterContent/Materials/M_Wood_Oak.uasset" 203
"../../../Buggybuggy/Content/StarterContent/Textures/T_Wood_Pine_D.uasset" 204
"../../../Buggybuggy/Content/StarterContent/Textures/T_Wood_Pine_N.uasset" 205
"../../../Buggybuggy/Content/StarterContent/Materials/M_Wood_Pine.uasset" 206
"../../../Buggybuggy/Content/StarterContent/Textures/T_Wood_Walnut_D.uasset" 207
"../../../Buggybuggy/Content/StarterContent/Textures/T_Wood_Walnut_N.uasset" 208
"../../../Buggybuggy/Content/StarterContent/Materials/M_Wood_Walnut.uasset" 209
"../../../Buggybuggy/Content/StarterContent/Materials/M_Basic_Wall.uasset" 210
"../../../Buggybuggy/Content/StarterContent/Architecture/Wall_400x200.uasset" 211
"../../../Buggybuggy/Content/StarterContent/Architecture/Wall_Door_400x300.uasset" 212
"../../../Buggybuggy/Content/StarterContent/Architecture/Wall_Window_400x300.uasset" 213
"../../../Buggybuggy/Content/StarterContent/Audio/Collapse01.uasset" 214
"../../../Buggybuggy/Content/StarterContent/Audio/Collapse02.uasset" 215
"../../../Buggybuggy/Content/StarterContent/Audio/Collapse_Cue.uasset" 216
"../../../Buggybuggy/Content/StarterContent/Audio/Starter_Music01.uasset" 217
"../../../Buggybuggy/Content/StarterContent/Audio/Starter_Music_Cue.uasset" 218
"../../../Buggybuggy/Content/StarterContent/Textures/T_Dust_Particle_D.uasset" 219
"../../../Buggybuggy/Content/StarterContent/Particles/Materials/M_Dust_Particle.uasset" 220
"../../../Buggybuggy/Content/StarterContent/Particles/P_Ambient_Dust.uasset" 221
"../../../Buggybuggy/Content/StarterContent/Props/MaterialSphere.uasset" 222
"../../../Buggybuggy/Content/StarterContent/Textures/T_Frame_M.uasset" 223
"../../../Buggybuggy/Content/StarterContent/Textures/T_Frame_N.uasset" 224
"../../../Buggybuggy/Content/StarterContent/Props/Materials/M_Frame.uasset" 225
"../../../Buggybuggy/Content/StarterContent/Props/SM_CornerFrame.uasset" 226
"../../../Buggybuggy/Content/StarterContent/Props/SM_DoorFrame.uasset" 227
"../../../Buggybuggy/Content/StarterContent/Materials/M_Glass.uasset" 228
"../../../Buggybuggy/Content/StarterContent/Props/SM_GlassWindow.uasset" 229
"../../../Buggybuggy/Content/StarterContent/Props/SM_PillarFrame.uasset" 230
"../../../Buggybuggy/Content/StarterContent/Props/SM_PillarFrame300.uasset" 231
"../../../Buggybuggy/Content/StarterContent/Props/SM_WindowFrame.uasset" 232
"../../../Buggybuggy/Content/StarterContent/Shapes/Shape_Cube.uasset" 233
"../../../Buggybuggy/Content/StarterContent/Shapes/Shape_QuadPyramid.uasset" 234
"../../../Buggybuggy/Content/StarterContent/Shapes/Shape_Sphere.uasset" 235
"../../../Buggybuggy/Content/StarterContent/Maps/StarterMap.umap" 236
"../../../Engine/Content/EditorMaterials/Cascade/CASC_Cross.uasset" 237
"../../../Engine/Content/EditorMaterials/Cascade/CASC_None.uasset" 238
"../../../Engine/Content/Functions/Engine_MaterialFunctions03/Blends/Blend_Overlay.uasset" 239
"../../../Buggybuggy/Content/Materials/Textures/D_Container.uasset" 240
"../../../Buggybuggy/Content/Materials/Textures/N_Container.uasset" 241
"../../../Buggybuggy/Content/Geometry/container.uasset" 242
"../../../Buggybuggy/Content/Materials/M_Container.uasset" 243
"../../../Buggybuggy/Content/Geometry/Blueprints/BP_Container_RandomColor.uasset" 244
"../../../Engine/Content/EditorBlueprintResources/ActorMacros.uasset" 245
"../../../Buggybuggy/Content/VehicleAdvBP/Blueprints/BP_GateManager.uasset" 246
"../../../Buggybuggy/Content/VehicleAdvBP/Textures/GreenMaterialMoving.uasset" 247
"../../../Buggybuggy/Content/VehicleAdvBP/Textures/RedMaterial.uasset" 248
"../../../Engine/Content/BasicShapes/Cube.uasset" 249
"../../../Buggybuggy/Content/VehicleAdvBP/Blueprints/BP_Gate.uasset" 250
"../../../Buggybuggy/Content/VehicleAdv/Materials/Fixed_Template_Master.uasset" 251
"../../../Buggybuggy/Content/VehicleAdv/Materials/MaterialInstances/Template_BaseBlue.uasset" 252
"../../../Buggybuggy/Content/VehicleAdv/PhysicsMaterials/Slippery.uasset" 253
"../../../Buggybuggy/Content/VehicleAdv/Vehicle/VehiclePhysicsAsset.uasset" 254
"../../../Buggybuggy/Content/VehicleAdv/Vehicle/Vehicle_SkelMesh.uasset" 255
"../../../Buggybuggy/Content/VehicleAdv/Vehicle/VehicleSkeleton.uasset" 256
"../../../Buggybuggy/Content/VehicleAdv/Vehicle/VehicleAnimationBlueprint.uasset" 257
"../../../Buggybuggy/Content/VehicleAdvBP/Blueprints/PlayerScore.uasset" 258
"../../../Buggybuggy/Content/VehicleAdvBP/Blueprints/W_Scoreboard_Entry.uasset" 259
"../../../Buggybuggy/Content/VehicleAdvBP/Blueprints/W_Scoreboard.uasset" 260
"../../../Buggybuggy/Content/VehicleAdvBP/Blueprints/BP_ScoreManager.uasset" 261
"../../../Buggybuggy/Content/VehicleAdvBP/Blueprints/WheelData/Vehicle_BackTireType.uasset" 262
"../../../Buggybuggy/Content/VehicleAdvBP/Blueprints/WheelData/WheelBack.uasset" 263
"../../../Buggybuggy/Content/VehicleAdvBP/Blueprints/WheelData/Vehicle_FrontTireType.uasset" 264
"../../../Buggybuggy/Content/VehicleAdvBP/Blueprints/WheelData/WheelFront.uasset" 265
"../../../Buggybuggy/Content/Materials/Textures/BaseBeam.uasset" 266
"../../../Buggybuggy/Content/Materials/Textures/BeamPulse.uasset" 267
"../../../Buggybuggy/Content/Materials/M_LaserBeam.uasset" 268
"../../../Buggybuggy/Content/Particles/P_LaserBeam.uasset" 269
"../../../Buggybuggy/Content/Sounds/Spatter-gun-01.uasset" 270
"../../../Buggybuggy/Content/VehicleAdv/Sound/Engine_att.uasset" 271
"../../../Buggybuggy/Content/VehicleAdv/Sound/Engine_Speed_01_Loop.uasset" 272
"../../../Buggybuggy/Content/VehicleAdv/Sound/Engine_Speed_05_Loop.uasset" 273
"../../../Buggybuggy/Content/VehicleAdv/Sound/Engine_Speed_03_Loop.uasset" 274
"../../../Buggybuggy/Content/VehicleAdv/Sound/Engine_Loop_Cue.uasset" 275
"../../../Buggybuggy/Content/Materials/Buggy/M_ChassisPaint.uasset" 276
"../../../Buggybuggy/Content/Materials/Buggy/M_ChassisSteel.uasset" 277
"../../../Buggybuggy/Content/Materials/Buggy/M_WheelRubber.uasset" 278
"../../../Buggybuggy/Content/Materials/Buggy/M_WheelSpring.uasset" 279
"../../../Buggybuggy/Content/VehicleAdv/Vehicle/BuggyUE_PhysicsAsset.uasset" 280
"../../../Buggybuggy/Content/VehicleAdv/Vehicle/BuggyUE.uasset" 281
"../../../Buggybuggy/Content/VehicleAdvBP/Blueprints/VehicleBlueprint.uasset" 282
"../../../Buggybuggy/Content/VehicleAdvBP/Blueprints/BP_GameMode.uasset" 283
"../../../Buggybuggy/Content/Materials/M_Mine.uasset" 284
"../../../Buggybuggy/Content/VehicleAdvBP/Textures/GreenMaterial.uasset" 285
"../../../Buggybuggy/Content/Meshes/Mine.uasset" 286
"../../../Buggybuggy/Content/Sounds/Explosion+7.uasset" 287
"../../../Buggybuggy/Content/StarterContent/Audio/Explosion01.uasset" 288
"../../../Buggybuggy/Content/StarterContent/Audio/Explosion02.uasset" 289
"../../../Buggybuggy/Content/Sounds/SQ_MineExplosion.uasset" 290
"../../../Buggybuggy/Content/StarterContent/Textures/T_Burst_M.uasset" 291
"../../../Buggybuggy/Content/StarterContent/Particles/Materials/M_Burst.uasset" 292
"../../../Buggybuggy/Content/StarterContent/Textures/T_Explosion_SubUV.uasset" 293
"../../../Buggybuggy/Content/StarterContent/Particles/Materials/M_explosion_subUV.uasset" 294
"../../../Buggybuggy/Content/StarterContent/Particles/Materials/m_flare_01.uasset" 295
"../../../Buggybuggy/Content/StarterContent/Particles/Materials/M_radial_ramp.uasset" 296
"../../../Buggybuggy/Content/StarterContent/Particles/P_Explosion.uasset" 297
"../../../Buggybuggy/Content/VehicleAdvBP/Blueprints/BP_Mine.uasset" 298
"../../../Buggybuggy/Content/VehicleAdvBP/Blueprints/BP_MinimapMax.uasset" 299
"../../../Buggybuggy/Content/VehicleAdvBP/Blueprints/BP_MinimapMin.uasset" 300
"../../../Buggybuggy/Content/Sprites/S_Flag.uasset" 301
"../../../Buggybuggy/Content/Sprites/S_GreenCapture.uasset" 302
"../../../Buggybuggy/Content/Sprites/S_RedArrow.uasset" 303
"../../../Buggybuggy/Content/Sprites/S_WhiteDot.uasset" 304
"../../../Buggybuggy/Content/VehicleAdvBP/Blueprints/W_Minimap_Icon.uasset" 305
"../../../Buggybuggy/Content/VehicleAdvBP/Blueprints/BP_Minimap.uasset" 306
"../../../Buggybuggy/Content/VehicleAdvBP/Textures/Background.uasset" 307
"../../../Buggybuggy/Content/VehicleAdvBP/Textures/lightning.uasset" 308
"../../../Buggybuggy/Content/VehicleAdvBP/Textures/mine.uasset" 309
"../../../Buggybuggy/Content/VehicleAdvBP/Textures/speedboost.uasset" 310
"../../../Buggybuggy/Content/VehicleAdvBP/Blueprints/W_Powerup.uasset" 311
"../../../Buggybuggy/Content/VehicleAdvBP/Blueprints/BP_PlayerController.uasset" 312
"../../../Engine/Content/Functions/Engine_MaterialFunctions01/WorldPositionOffset/SimpleGrassWind.uasset" 313
"../../../Buggybuggy/Content/Materials/M_Flag.uasset" 314
"../../../Buggybuggy/Content/Meshes/flag_Skeleton.uasset" 315
"../../../Buggybuggy/Content/Meshes/flag.uasset" 316
"../../../Engine/Content/EngineMaterials/Grid.uasset" 317
"../../../Buggybuggy/Content/VehicleAdv/Materials/MasterGrid.uasset" 318
"../../../Buggybuggy/Content/VehicleAdv/Materials/MaterialInstances/RedGrid.uasset" 319
"../../../Buggybuggy/Content/VehicleAdv/ArenaMesh/pole.uasset" 320
"../../../Buggybuggy/Content/VehicleAdvBP/Blueprints/BP_Flag.uasset" 321
"../../../Buggybuggy/Content/VehicleAdvBP/Blueprints/BP_Powerup.uasset" 322
"../../../Buggybuggy/Content/Geometry/Meshes/CubeMaterial.uasset" 323
"../../../Buggybuggy/Content/Geometry/Meshes/1M_Cube.uasset" 324
"../../../Buggybuggy/Content/VehicleAdvBP/Blueprints/BP_PowerupSpawner.uasset" 325
"../../../Buggybuggy/Content/VehicleAdvBP/Maps/VehicleAdvExampleMap_sharedassets/Pebbles_LayerInfo.uasset" 326
"../../../Buggybuggy/Content/VehicleAdvBP/Maps/VehicleAdvExampleMap_sharedassets/Rocks_LayerInfo.uasset" 327
"../../../Buggybuggy/Content/VehicleAdvBP/Maps/VehicleAdvExampleMap_sharedassets/Sand_LayerInfo.uasset" 328
"../../../Engine/Content/BasicShapes/BasicShapeMaterial.uasset" 329
"../../../Buggybuggy/Content/Materials/Textures/N_Concrete.uasset" 330
"../../../Buggybuggy/Content/Materials/Textures/R_Concrete.uasset" 331
"../../../Buggybuggy/Content/Materials/Textures/T_Concrete.uasset" 332
"../../../Buggybuggy/Content/Materials/M_Concrete.uasset" 333
"../../../Engine/Content/Functions/Engine_MaterialFunctions01/Gradient/LinearGradient.uasset" 334
"../../../Engine/Content/Functions/Engine_MaterialFunctions01/ImageAdjustment/CheapContrast.uasset" 335
"../../../Engine/Content/Functions/Engine_MaterialFunctions02/Texturing/HeightLerp.uasset" 336
"../../../Engine/Content/Functions/MaterialLayerFunctions/MatLayerBlend_OverrideBaseColor.uasset" 337
"../../../Engine/Content/Functions/MaterialLayerFunctions/MatLayerBlend_Standard.uasset" 338
"../../../Buggybuggy/Content/Assets/Texture/T_COG_Base_Dirt_N.uasset" 339
"../../../Buggybuggy/Content/Assets/Texture/T_Pebbles_D.uasset" 340
"../../../Buggybuggy/Content/Assets/Materials/MF_Pebbles.uasset" 341
"../../../Buggybuggy/Content/Assets/Texture/T_Rock_D.uasset" 342
"../../../Buggybuggy/Content/Assets/Texture/T_Rock_N.uasset" 343
"../../../Buggybuggy/Content/Assets/Texture/T_TilingRocks_M.uasset" 344
"../../../Buggybuggy/Content/Assets/Texture/T_TilingRocks_N.uasset" 345
"../../../Buggybuggy/Content/Assets/Materials/MF_Rocks.uasset" 346
"../../../Buggybuggy/Content/Assets/Texture/T_Sand_D.uasset" 347
"../../../Buggybuggy/Content/Assets/Texture/T_Sand_M.uasset" 348
"../../../Buggybuggy/Content/Assets/Texture/T_Sand_N.uasset" 349
"../../../Buggybuggy/Content/Assets/Texture/T_SandDunes_N.uasset" 350
"../../../Buggybuggy/Content/Assets/Materials/MF_Sand.uasset" 351
"../../../Buggybuggy/Content/Assets/Terrain/M_Landscape_SandRock.uasset" 352
"../../../Buggybuggy/Content/Assets/Terrain/M_Landscape_SandRock_Inst.uasset" 353
"../../../Engine/Content/EngineMaterials/DefaultMaterial.uasset" 354
"../../../Engine/Content/BasicShapes/Cylinder.uasset" 355
"../../../Engine/Content/EngineMaterials/DefaultPhysicalMaterial.uasset" 356
"../../../Buggybuggy/Content/Assets/Terrain/M_Landscape_SandRock_Inst_static.uasset" 357
"../../../Buggybuggy/Content/Geometry/LandscapeRock.uasset" 358
"../../../Buggybuggy/Content/Meshes/Roadblock.uasset" 359
"../../../Buggybuggy/Content/VehicleAdv/Materials/MasterSolidColor.uasset" 360
"../../../Buggybuggy/Content/VehicleAdv/Materials/MaterialInstances/SolidOrange.uasset" 361
"../../../Buggybuggy/Content/VehicleAdv/ArenaMesh/LoopBig.uasset" 362
"../../../Buggybuggy/Content/VehicleAdv/ArenaMesh/RampLarge.uasset" 363
"../../../Buggybuggy/Content/VehicleAdvBP/Maps/VehicleAdvExampleMap.umap" 364
"../../../Buggybuggy/Content/VehicleAdvBP/Blueprints/W_ServerList.uasset" 365
"../../../Buggybuggy/Content/VehicleAdvBP/Blueprints/W_MainMenu.uasset" 366
"../../../Buggybuggy/Content/VehicleAdvBP/Maps/MainMenu.umap" 367
"../../../Engine/Content/EngineMaterials/DefaultDiffuse.uasset" 368
"../../../Engine/Content/EngineMaterials/DefaultNormal.uasset" 369
"../../../Engine/Content/Maps/Entry.umap" 370
"../../../Engine/Content/EngineFonts/Roboto.uasset" 371
"../../../Engine/Content/Functions/Engine_MaterialFunctions01/Shading/PowerToRoughness.uasset" 372
"../../../Engine/Content/Functions/Engine_MaterialFunctions01/Shading/ConvertFromDiffSpec.uasset" 373
"../../../Engine/Content/EngineMaterials/DefaultDeferredDecalMaterial.uasset" 374
"../../../Engine/Content/EngineMaterials/DefaultLightFunctionMaterial.uasset" 375
"../../../Engine/Content/Functions/Engine_MaterialFunctions02/Utility/BreakOutFloat2Components.uasset" 376
"../../../Engine/Content/EngineMaterials/DefaultPostProcessMaterial.uasset" 377
"../../../Engine/Content/EngineResources/DefaultTexture.uasset" 378
"../../../Engine/Content/Functions/Engine_MaterialFunctions02/Texturing/ScreenAlignedUVs.uasset" 379
"../../../Engine/Content/EngineResources/WhiteSquareTexture.uasset" 380
"../../../Engine/Content/EngineMaterials/Widget3DPassThrough.uasset" 381
"../../../Engine/Content/EngineMaterials/Widget3DPassThrough_Translucent.uasset" 382
"../../../Engine/Content/EngineMaterials/Widget3DPassThrough_Translucent_OneSided.uasset" 383
"../../../Engine/Content/EngineMaterials/Widget3DPassThrough_Opaque.uasset" 384
"../../../Engine/Content/EngineMaterials/Widget3DPassThrough_Opaque_OneSided.uasset" 385
"../../../Engine/Content/EngineMaterials/Widget3DPassThrough_Masked.uasset" 386
"../../../Engine/Content/EngineMaterials/Widget3DPassThrough_Masked_OneSided.uasset" 387
"../../../Engine/Content/EditorResources/S_Actor.uasset" 388
"../../../Engine/Content/Maps/Templates/Thumbnails/Default.uasset" 389
"../../../Engine/Content/EditorMaterials/ParticleSystems/PSysThumbnail_NoImage.uasset" 390
"../../../Engine/Content/EditorMaterials/ParticleSystems/PSysThumbnail_OOD.uasset" 391
"../../../Engine/Content/EditorLandscapeResources/DataLayer.uasset" 392
"../../../Engine/Content/EngineDamageTypes/DmgTypeBP_Environmental.uasset" 393
"../../../Engine/Content/EngineMeshes/Sphere.uasset" 394
"../../../Engine/Content/EngineMaterials/DefaultTextMaterialOpaque.uasset" 395
"../../../Engine/Content/EditorResources/S_Trigger.uasset" 396
"../../../Engine/Content/EngineResources/GradientTexture0.uasset" 397
"../../../Engine/Content/EngineResources/Black.uasset" 398
"../../../Engine/Content/EditorMaterials/MatineeGroups/MAT_Groups_Float.uasset" 399
"../../../Engine/Content/EditorMaterials/MatineeGroups/MAT_Groups_Director.uasset" 400
"../../../Engine/Content/EditorMaterials/MatineeGroups/MAT_Groups_Event.uasset" 401
"../../../Engine/Content/EditorMaterials/MatineeGroups/MAT_Groups_Anim.uasset" 402
"../../../Engine/Content/EditorMaterials/MatineeGroups/MAT_Groups_Fade.uasset" 403
"../../../Engine/Content/EditorMaterials/MatineeGroups/MAT_Groups_Move.uasset" 404
"../../../Engine/Content/EditorMaterials/MatineeGroups/MAT_Groups_Slomo.uasset" 405
"../../../Engine/Content/EditorMaterials/MatineeGroups/MAT_ColorTrack.uasset" 406
"../../../Engine/Content/EditorMaterials/MAT_Groups_Toggle.uasset" 407
"../../../Engine/Content/EditorMaterials/MatineeGroups/MAT_Groups_AudioMaster.uasset" 408
"../../../Engine/Content/EditorMaterials/MatineeGroups/MAT_Groups_Sound.uasset" 409
"../../../Engine/Content/EditorMaterials/MatineeGroups/MAT_Groups_Vector.uasset" 410
"../../../Engine/Content/EditorMaterials/MAT_Groups_Visibility.uasset" 411
"../../../Engine/Content/EngineResources/DefaultTextureCube.uasset" 412
"../../../Engine/Content/EngineMeshes/Cylinder.uasset" 413
"../../../Engine/Content/EngineTireTypes/DefaultTireType.uasset" 414
"../../../Engine/Content/EngineResources/AICON-Red.uasset" 415
"../../../Engine/Content/EngineResources/AICON-Green.uasset" 416
"../../../Engine/Content/Tutorial/Basics/LevelEditorAttract.uasset" 417
"../../../Engine/Content/Tutorial/ContentIntroCurve.uasset" 418
"../../../Engine/Plugins/2D/Paper2D/Content/PlaceholderTextures/DummySpriteTexture.uasset" 419
"../../../Engine/Plugins/2D/Paper2D/Content/DefaultSpriteMaterial.uasset" 420
"../../../Engine/Plugins/2D/Paper2D/Content/MaskedUnlitSpriteMaterial.uasset" 421
"../../../Engine/Plugins/2D/Paper2D/Content/OpaqueUnlitSpriteMaterial.uasset" 422
"../../../Engine/Plugins/2D/Paper2D/Content/DummySpriteTexture.uasset" 423
"../../../Engine/Plugins/2D/Paper2D/Content/DummySprite.uasset" 424
"../../../Engine/Plugins/2D/Paper2D/Content/DefaultPaperTerrainMaterial.uasset" 425
"../../../Engine/Plugins/Runtime/LeapMotionController/Content/LM_CapsuleMesh.uasset" 426
"../../../Engine/Plugins/Runtime/LeapMotionController/Content/LM_TorusMesh.uasset" 427
"../../../Engine/Plugins/Runtime/LeapMotionController/Content/LM_HandColor.uasset" 428
"../../../Engine/Plugins/Runtime/LeapMotionController/Content/LM_SampleDistortion.uasset" 429
"../../../Engine/Plugins/Runtime/LeapMotionController/Content/LM_TestTexture.uasset" 430
"../../../Engine/Plugins/Runtime/LeapMotionController/Content/LM_PassthroughMaterial.uasset" 431
"../../../Engine/Content/EngineMaterials/RemoveSurfaceMaterial.uasset" 432
"../../../Engine/Content/EngineDebugMaterials/DebugMeshMaterial.uasset" 433
"../../../Engine/Content/EngineMaterials/InvalidLightmapSettings.uasset" 434
"../../../Engine/Content/EngineMaterials/M_InvalidLightmapSettings.uasset" 435
"../../../Engine/Content/EditorMaterials/GizmoMaterial.uasset" 436
"../../../Engine/Content/EngineMaterials/Good64x64TilingNoiseHighFreq.uasset" 437
"../../../Engine/Content/EngineMaterials/DefaultBokeh.uasset" 438
"../../../Engine/Content/EngineMaterials/PreintegratedSkinBRDF.uasset" 439
"../../../Engine/Content/EngineMaterials/MiniFont.uasset" 440
"../../../Engine/Content/EngineMaterials/WeightMapPlaceholderTexture.uasset" 441
"../../../Engine/Content/EngineMaterials/DefaultWhiteGrid.uasset" 442
"../../../Engine/Content/EngineFonts/RobotoTiny.uasset" 443
"../../../Engine/Content/MobileResources/T_MobileMenu2.uasset" 444
"../../../Engine/Content/MobileResources/HUD/MobileHUDButton1_off.uasset" 445
"../../../Engine/Content/MobileResources/HUD/MobileHUDButton1_on.uasset" 446
"../../../Engine/Content/MobileResources/T_MobileControls_texture.uasset" 447
"../../../Buggybuggy/Content/VehicleAdv/Sound/Engine_Speed_06_Loop.uasset" 448
"../../../Buggybuggy/Content/Sounds/S_MineExplosion.uasset" 449
"../../../Buggybuggy/Content/Sounds/SW_MineExplosion.uasset" 450
"../../../Buggybuggy/Content/StarterContent/Props/Materials/M_MaterialSphere.uasset" 451
"../../../Buggybuggy/Content/StarterContent/Props/Materials/M_MaterialSphere_Plain.uasset" 452
"../../../Buggybuggy/Content/StarterContent/Props/SM_MatPreviewMesh_02.uasset" 453
"../../../Buggybuggy/Content/StarterContent/Textures/T_RockMesh_M.uasset" 454
"../../../Buggybuggy/Content/StarterContent/Textures/T_RockMesh_N.uasset" 455
"../../../Buggybuggy/Content/StarterContent/Props/Materials/M_Rock.uasset" 456
"../../../Buggybuggy/Content/StarterContent/Props/SM_Rock.uasset" 457
"../../../Buggybuggy/Content/StarterContent/Textures/T_Shelf_M.uasset" 458
"../../../Buggybuggy/Content/StarterContent/Textures/T_Shelf_N.uasset" 459
"../../../Buggybuggy/Content/StarterContent/Props/Materials/M_Shelf.uasset" 460
"../../../Buggybuggy/Content/StarterContent/Props/SM_Shelf.uasset" 461
"../../../Buggybuggy/Content/StarterContent/Props/SM_Stairs.uasset" 462
"../../../Buggybuggy/Content/Sprites/S_WhiteDot2.uasset" 463
"../../../Buggybuggy/Content/StarterContent/Architecture/Pillar_50x500.uasset" 464
"../../../Buggybuggy/Content/StarterContent/Architecture/Wall_400x300.uasset" 465
"../../../Buggybuggy/Content/StarterContent/Architecture/Wall_400x400.uasset" 466
"../../../Buggybuggy/Content/StarterContent/Architecture/Wall_500x500.uasset" 467
"../../../Buggybuggy/Content/StarterContent/Architecture/Wall_Door_400x400.uasset" 468
"../../../Buggybuggy/Content/StarterContent/Architecture/Wall_Window_400x400.uasset" 469
"../../../Buggybuggy/Content/StarterContent/Audio/Light01.uasset" 470
"../../../Buggybuggy/Content/StarterContent/Audio/Light01_Cue.uasset" 471
"../../../Buggybuggy/Content/StarterContent/Audio/Light02.uasset" 472
"../../../Buggybuggy/Content/StarterContent/Audio/Light02_Cue.uasset" 473
"../../../Buggybuggy/Content/StarterContent/Audio/Explosion_Cue.uasset" 474
"../../../Buggybuggy/Content/StarterContent/Blueprints/Blueprint_Effect_Explosion.uasset" 475
"../../../Buggybuggy/Content/VehicleAdv/Textures/VehicleJoystick_BackgroundL.uasset" 476
"../../../Engine/Content/EditorResources/EmptyActor.uasset" 477
"../../../Engine/Content/EditorResources/LightIcons/S_LightError.uasset" 478
"../../../Engine/Content/EditorResources/AudioIcons/S_AudioComponent_AutoActivate.uasset" 479
"../../../Engine/Content/EditorResources/AudioIcons/S_AudioComponent.uasset" 480
"../../../Engine/Content/MobileResources/HUD/MobileHUDDirectionPad3.uasset" 481
"../../../Engine/Content/MobileResources/HUD/T_Castle_ThumbstickOutter.uasset" 482
"../../../Engine/Content/MobileResources/HUD/MobileHUDButtonFire.uasset" 483
"../../../Engine/Content/MobileResources/HUD/MobileHUDButton2_off.uasset" 484
"../../../Engine/Content/MobileResources/HUD/MobileHUDButton3.uasset" 485
"../../../Buggybuggy/Content/Materials/Buggy/M_DetailColor.uasset" 486
"../../../Engine/Content/MobileResources/HUD/MobileHUDDirectionPad.uasset" 487
"../../../Buggybuggy/Content/StarterContent/Shapes/Shape_Torus.uasset" 488
"../../../Engine/Content/MobileResources/HUD/MobileHUDDirectionStick.uasset" 489
"../../../Engine/Content/MobileResources/HUD/T_Castle_ThumbstickInner.uasset" 490
"../../../Buggybuggy/Content/StarterContent/Shapes/Shape_TriPyramid.uasset" 491
"../../../Buggybuggy/Content/StarterContent/Shapes/Shape_Trim_90_Out.uasset" 492
"../../../Buggybuggy/Content/StarterContent/Shapes/Shape_Trim_90_In.uasset" 493
"../../../Buggybuggy/Content/StarterContent/Shapes/Shape_Trim.uasset" 494
"../../../Buggybuggy/Content/StarterContent/Shapes/Shape_Tube.uasset" 495
"../../../Engine/Content/MobileResources/HUD/MobileHUDButton2_on.uasset" 496
"../../../Buggybuggy/Content/StarterContent/Shapes/Shape_WideCapsule.uasset" 497
"../../../Buggybuggy/Content/StarterContent/Shapes/Shape_Wedge_B.uasset" 498
"../../../Buggybuggy/Content/StarterContent/Shapes/Shape_Wedge_A.uasset" 499
"../../../Engine/Content/EditorMaterials/PhAT_JointLimitMaterial.uasset" 500
"../../../Engine/Content/EditorMaterials/PreviewShadowIndicator.uasset" 501
"../../../Engine/Content/EditorMaterials/PreviewShadowIndicatorMaterial.uasset" 502
"../../../Engine/Content/EditorResources/BSPVertex.uasset" 503
"../../../Engine/Content/EngineDebugMaterials/HeatmapGradient.uasset" 504
"../../../Engine/Content/EngineDebugMaterials/BoneWeightMaterial.uasset" 505
"../../../Engine/Content/EngineDebugMaterials/GeomMaterial.uasset" 506
"../../../Engine/Content/EngineMaterials/EditorBrushMaterial.uasset" 507
"../../../Engine/Content/MobileResources/HUD/AnalogHat.uasset" 508
"../../../Engine/Content/MobileResources/HUD/VirtualJoystick_Background.uasset" 509
"../../../Engine/Content/MobileResources/HUD/VirtualJoystick_Thumb.uasset" 510
"../../../Engine/Content/MobileResources/HUD/DefaultVirtualJoysticks.uasset" 511
"../../../Engine/Content/MobileResources/HUD/LeftVirtualJoystickOnly.uasset" 512
"../../../Engine/Content/MobileResources/HUD/MobileHUDDirectionPad2.uasset" 513
"../../../Engine/Content/Tutorial/Basics/TutorialAssets/icon_tab_Levels_40x.uasset" 514
"../../../Engine/Content/Tutorial/Basics/LevelEditorOverview.uasset" 515
"../../../Engine/Content/Tutorial/BlueprintTutorials/TutorialAssets/Blueprint_64x.uasset" 516
"../../../Engine/Content/Tutorial/BlueprintTutorials/BlueprintEditorTutorial.uasset" 517
"../../../Engine/Content/Tutorial/BlueprintTutorials/TutorialAssets/BlueprintInterface_64x.uasset" 518
"../../../Engine/Content/Tutorial/BlueprintTutorials/TutorialAssets/Tutorial_BP_Interface.uasset" 519
"../../../Engine/Content/Tutorial/BlueprintTutorials/BlueprintInterfacesEditorOverview.uasset" 520
"../../../Engine/Content/Tutorial/BlueprintTutorials/TutorialAssets/BlueprintMacroLibrary_64x.uasset" 521
"../../../Engine/Content/Tutorial/BlueprintTutorials/TutorialAssets/Tutorial_BP_MacroLib.uasset" 522
"../../../Engine/Content/Tutorial/BlueprintTutorials/BlueprintMacroLibrariesEditorOverview.uasset" 523
"../../../Engine/Content/Tutorial/BlueprintTutorials/LevelBlueprintEditorOverview.uasset" 524
"../../../Engine/Content/Tutorial/Foliage/TutorialAssets/Foliage.uasset" 525
"../../../Engine/Content/Tutorial/Foliage/Foliage_Settings_Tutorial.uasset" 526
"../../../Engine/Content/Tutorial/Foliage/Foliage_Using_The_Tool_Tutorial.uasset" 527
"../../../Engine/Content/Tutorial/Foliage/Foliage_Intro_Tutorial.uasset" 528
"../../../Engine/Content/Tutorial/Landscape/TutorialAssets/Landscape.uasset" 529
"../../../Engine/Content/Tutorial/Landscape/Landscape_Painting_Mode.uasset" 530
"../../../Engine/Content/Tutorial/Landscape/Landscape_Sculpt_Mode.uasset" 531
"../../../Engine/Content/Tutorial/Landscape/Landscape_Manage_Mode.uasset" 532
"../../../Engine/Content/Tutorial/Paper2D/TutorialAssets/Paper2DFlipbook_TutorialIcon.uasset" 533
"../../../Engine/Content/Tutorial/Paper2D/FlipbookEditorTutorial.uasset" 534
"../../../Engine/Content/Tutorial/Paper2D/TutorialAssets/Paper2DSprite_TutorialIcon.uasset" 535
"../../../Engine/Content/Tutorial/Paper2D/SpriteEditorTutorial.uasset" 536
"../../../Engine/Content/EditorMeshes/EditorCube.uasset" 537
"../../../Engine/Content/Tutorial/SubEditors/TutorialAssets/Tutorial_DM.uasset" 538
"../../../Engine/Content/Tutorial/SubEditors/DestructibleMeshEditorTutorial.uasset" 539
"../../../Engine/Content/Tutorial/SubEditors/TutorialAssets/TutorialMaterial.uasset" 540
"../../../Engine/Content/Tutorial/SubEditors/MaterialEditorTutorial.uasset" 541
"../../../Engine/Content/Tutorial/SubEditors/TutorialAssets/T_SmokeSubUV_8X8.uasset" 542
"../../../Engine/Content/Tutorial/SubEditors/TutorialAssets/T_soft_smoke.uasset" 543
"../../../Engine/Content/Tutorial/SubEditors/TutorialAssets/M_smoke_subUV_blackbody.uasset" 544
"../../../Engine/Content/Tutorial/SubEditors/TutorialAssets/TutorialParticleSystem.uasset" 545
"../../../Engine/Content/Tutorial/SubEditors/ParticleSystemEditorTutorial.uasset" 546
"../../../Engine/Content/Tutorial/SubEditors/TutorialAssets/icon_ShowSkeletalMeshes_40x.uasset" 547
"../../../Engine/Content/Tutorial/SubEditors/TutorialAssets/Character/TutorialTPP_Mat.uasset" 548
"../../../Engine/Content/Tutorial/SubEditors/TutorialAssets/Character/TutorialTPP_PhysicsAsset.uasset" 549
"../../../Engine/Content/Tutorial/SubEditors/TutorialAssets/Character/TutorialTPP.uasset" 550
"../../../Engine/Content/Tutorial/SubEditors/TutorialAssets/Character/TutorialTPP_Skeleton.uasset" 551
"../../../Engine/Content/Tutorial/SubEditors/TutorialAssets/Character/Tutorial_Idle.uasset" 552
"../../../Engine/Content/Tutorial/SubEditors/TutorialAssets/Character/Tutorial_Walk_Fwd.uasset" 553
"../../../Engine/Content/Tutorial/SubEditors/TutorialAssets/Character/NewBlendSpace1D.uasset" 554
"../../../Engine/Content/Tutorial/SubEditors/TutorialAssets/Character/TutorialCharacter.uasset" 555
"../../../Engine/Content/Tutorial/SubEditors/TutorialAssets/Character/TutorialTPP_AnimBlueprint.uasset" 556
"../../../Engine/Content/Tutorial/SubEditors/PersonaAnimBlueprintEditorWalkthrough.uasset" 557
"../../../Engine/Content/Tutorial/SubEditors/PersonaAnimEditorWalkthrough.uasset" 558
"../../../Engine/Content/EngineMeshes/Cube.uasset" 559
"../../../Engine/Content/Tutorial/SubEditors/StaticMeshEditorTutorial.uasset" 560
"../../../Engine/Content/Tutorial/SubEditors/TutorialAssets/icon_Editor_Preferences_General_40x.uasset" 561
"../../../Buggybuggy/Content/Geometry/Meshes/1M_Cube_Chamfer.uasset" 562
"../../../Buggybuggy/Content/Geometry/Meshes/TemplateFloor.uasset" 563
"../../../Buggybuggy/Content/Particles/P_DirtTrail.uasset" 564
"../../../Buggybuggy/Content/Sounds/Explosion+6.uasset" 565
"../../../Buggybuggy/Content/Sounds/NewMediaSoundWave.uasset" 566
"../../../Buggybuggy/Content/Sounds/NewMediaSoundWave2.uasset" 567
"../../../Buggybuggy/Content/StarterContent/Materials/M_ColorGrid_LowSpec.uasset" 568
"../../../Buggybuggy/Content/StarterContent/Materials/M_Emissive_Red.uasset" 569
"../../../Buggybuggy/Content/StarterContent/Textures/T_Bush_D.uasset" 570
"../../../Buggybuggy/Content/StarterContent/Textures/T_Bush_N.uasset" 571
"../../../Buggybuggy/Content/StarterContent/Props/Materials/M_Bush.uasset" 572
"../../../Buggybuggy/Content/StarterContent/Props/SM_Bush.uasset" 573
"../../../Buggybuggy/Content/StarterContent/Props/SM_Couch.uasset" 574
"../../../Buggybuggy/Content/StarterContent/Textures/T_Door_M.uasset" 575
"../../../Buggybuggy/Content/StarterContent/Textures/T_Door_N.uasset" 576
"../../../Buggybuggy/Content/StarterContent/Props/Materials/M_Door.uasset" 577
"../../../Buggybuggy/Content/StarterContent/Props/SM_Door.uasset" 578
"../../../Buggybuggy/Content/StarterContent/Shapes/Shape_Cone.uasset" 579
"../../../Buggybuggy/Content/StarterContent/Shapes/Shape_Cylinder.uasset" 580
"../../../Buggybuggy/Content/StarterContent/Shapes/Shape_NarrowCapsule.uasset" 581
"../../../Buggybuggy/Content/StarterContent/Shapes/Shape_Pipe.uasset" 582
"../../../Buggybuggy/Content/StarterContent/Shapes/Shape_Pipe_180.uasset" 583
"../../../Buggybuggy/Content/StarterContent/Shapes/Shape_Pipe_90.uasset" 584
"../../../Buggybuggy/Content/StarterContent/Shapes/Shape_Plane.uasset" 585
"../../../Buggybuggy/Content/VehicleAdv/ArenaMesh/BumpWave.uasset" 586
"../../../Buggybuggy/Content/VehicleAdv/ArenaMesh/BumpWaveSmall.uasset" 587
"../../../Buggybuggy/Content/VehicleAdv/ArenaMesh/BumpWedge.uasset" 588
"../../../Buggybuggy/Content/VehicleAdv/ArenaMesh/CubeMaterial.uasset" 589
"../../../Buggybuggy/Content/VehicleAdv/ArenaMesh/LoopSmall.uasset" 590
"../../../Buggybuggy/Content/VehicleAdv/ArenaMesh/RampTwist.uasset" 591
"../../../Buggybuggy/Content/VehicleAdv/ArenaMesh/RoadSegment_01.uasset" 592
"../../../Buggybuggy/Content/VehicleAdv/Materials/MaterialInstances/BlackGrid.uasset" 593
"../../../Buggybuggy/Content/VehicleAdv/ArenaMesh/StraightFull.uasset" 594
"../../../Buggybuggy/Content/VehicleAdv/ArenaMesh/StraightHalf.uasset" 595
"../../../Buggybuggy/Content/VehicleAdv/ArenaMesh/StraightQuarter.uasset" 596
"../../../Buggybuggy/Content/VehicleAdv/Materials/MaterialInstances/SolidRed.uasset" 597
"../../../Buggybuggy/Content/VehicleAdv/ArenaMesh/turn_22andhalf.uasset" 598
"../../../Buggybuggy/Content/VehicleAdv/ArenaMesh/Turn_45.uasset" 599
"../../../Buggybuggy/Content/VehicleAdv/ArenaMesh/Turn_90.uasset" 600
"../../../Buggybuggy/Content/VehicleAdv/ArenaMesh/Turn_90Large.uasset" 601
"../../../Buggybuggy/Content/VehicleAdv/Materials/Landscape.uasset" 602
"../../../Buggybuggy/Content/VehicleAdv/Materials/MaterialInstances/LandscapeNoHole.uasset" 603
"../../../Buggybuggy/Content/VehicleAdv/Sound/Engine_Speed_02_Loop.uasset" 604
"../../../Buggybuggy/Content/VehicleAdv/Sound/Engine_Speed_04_Loop.uasset" 605
"../../../Buggybuggy/Content/VehicleAdv/Textures/VehicleJoystick_BackgroundR.uasset" 606
"../../../Buggybuggy/Content/VehicleAdvBP/AdvancedVehicleOverview.uasset" 607
"../../../Buggybuggy/Content/VehicleAdvBP/Blueprints/BP_MainMenu.uasset" 608
"../../../Buggybuggy/Content/VehicleAdvBP/Blueprints/BP_Powerup_Mine.uasset" 609
"../../../Buggybuggy/Content/VehicleAdvBP/Blueprints/BP_SaveGame.uasset" 610
"../../../Buggybuggy/Content/VehicleAdvBP/Blueprints/W_ServerListRow.uasset" 611
"../../../Buggybuggy/Content/VehicleAdvBP/Maps/LayerInfo/Desert_LayerInfo.uasset" 612
"../../../Buggybuggy/Content/VehicleAdv/PhysicsMaterials/NonSlippery.uasset" 613
"../../../Buggybuggy/Content/VehicleAdvBP/Maps/LayerInfo/Track_LayerInfo.uasset" 614
"../../../Buggybuggy/Content/VehicleAdvBP/Textures/blink.uasset" 615
"../../../Buggybuggy/Content/VehicleAdvBP/Textures/IMG_3215.uasset" 616
